{"C:\\src\\presentationskill\\cli\\src\\commands\\doctor.js": {"path":"C:\\src\\presentationskill\\cli\\src\\commands\\doctor.js","statementMap":{"0":{"start":{"line":9,"column":29},"end":{"line":131,"column":4}},"1":{"start":{"line":15,"column":4},"end":{"line":130,"column":5}},"2":{"start":{"line":16,"column":23},"end":{"line":16,"column":36}},"3":{"start":{"line":17,"column":25},"end":{"line":17,"column":40}},"4":{"start":{"line":18,"column":22},"end":{"line":24,"column":7}},"5":{"start":{"line":26,"column":6},"end":{"line":26,"column":46}},"6":{"start":{"line":27,"column":6},"end":{"line":27,"column":22}},"7":{"start":{"line":30,"column":28},"end":{"line":30,"column":66}},"8":{"start":{"line":31,"column":6},"end":{"line":31,"column":63}},"9":{"start":{"line":32,"column":6},"end":{"line":38,"column":7}},"10":{"start":{"line":33,"column":8},"end":{"line":33,"column":33}},"11":{"start":{"line":34,"column":8},"end":{"line":34,"column":69}},"12":{"start":{"line":35,"column":8},"end":{"line":35,"column":62}},"13":{"start":{"line":37,"column":8},"end":{"line":37,"column":60}},"14":{"start":{"line":41,"column":6},"end":{"line":52,"column":7}},"15":{"start":{"line":42,"column":8},"end":{"line":42,"column":78}},"16":{"start":{"line":43,"column":8},"end":{"line":51,"column":9}},"17":{"start":{"line":44,"column":10},"end":{"line":44,"column":37}},"18":{"start":{"line":45,"column":10},"end":{"line":47,"column":12}},"19":{"start":{"line":48,"column":10},"end":{"line":48,"column":85}},"20":{"start":{"line":50,"column":10},"end":{"line":50,"column":94}},"21":{"start":{"line":55,"column":6},"end":{"line":70,"column":7}},"22":{"start":{"line":56,"column":23},"end":{"line":56,"column":47}},"23":{"start":{"line":57,"column":33},"end":{"line":57,"column":69}},"24":{"start":{"line":58,"column":8},"end":{"line":58,"column":60}},"25":{"start":{"line":60,"column":8},"end":{"line":66,"column":9}},"26":{"start":{"line":61,"column":10},"end":{"line":61,"column":37}},"27":{"start":{"line":62,"column":10},"end":{"line":62,"column":56}},"28":{"start":{"line":63,"column":10},"end":{"line":63,"column":70}},"29":{"start":{"line":65,"column":10},"end":{"line":65,"column":46}},"30":{"start":{"line":68,"column":8},"end":{"line":68,"column":51}},"31":{"start":{"line":69,"column":8},"end":{"line":69,"column":43}},"32":{"start":{"line":73,"column":31},"end":{"line":73,"column":66}},"33":{"start":{"line":74,"column":6},"end":{"line":74,"column":70}},"34":{"start":{"line":75,"column":6},"end":{"line":79,"column":7}},"35":{"start":{"line":76,"column":8},"end":{"line":76,"column":66}},"36":{"start":{"line":78,"column":8},"end":{"line":78,"column":57}},"37":{"start":{"line":82,"column":6},"end":{"line":99,"column":7}},"38":{"start":{"line":83,"column":23},"end":{"line":83,"column":47}},"39":{"start":{"line":84,"column":8},"end":{"line":84,"column":54}},"40":{"start":{"line":85,"column":8},"end":{"line":95,"column":9}},"41":{"start":{"line":86,"column":22},"end":{"line":86,"column":71}},"42":{"start":{"line":87,"column":10},"end":{"line":94,"column":11}},"43":{"start":{"line":88,"column":12},"end":{"line":90,"column":14}},"44":{"start":{"line":91,"column":12},"end":{"line":91,"column":87}},"45":{"start":{"line":93,"column":12},"end":{"line":93,"column":41}},"46":{"start":{"line":97,"column":8},"end":{"line":97,"column":59}},"47":{"start":{"line":98,"column":8},"end":{"line":98,"column":76}},"48":{"start":{"line":102,"column":6},"end":{"line":102,"column":22}},"49":{"start":{"line":103,"column":6},"end":{"line":103,"column":34}},"50":{"start":{"line":105,"column":6},"end":{"line":120,"column":7}},"51":{"start":{"line":106,"column":8},"end":{"line":106,"column":64}},"52":{"start":{"line":107,"column":8},"end":{"line":107,"column":24}},"53":{"start":{"line":108,"column":8},"end":{"line":108,"column":31}},"54":{"start":{"line":109,"column":8},"end":{"line":109,"column":48}},"55":{"start":{"line":110,"column":8},"end":{"line":110,"column":54}},"56":{"start":{"line":111,"column":13},"end":{"line":120,"column":7}},"57":{"start":{"line":112,"column":8},"end":{"line":112,"column":63}},"58":{"start":{"line":113,"column":8},"end":{"line":117,"column":9}},"59":{"start":{"line":114,"column":10},"end":{"line":114,"column":26}},"60":{"start":{"line":115,"column":10},"end":{"line":115,"column":35}},"61":{"start":{"line":116,"column":10},"end":{"line":116,"column":65}},"62":{"start":{"line":116,"column":40},"end":{"line":116,"column":63}},"63":{"start":{"line":119,"column":8},"end":{"line":119,"column":66}},"64":{"start":{"line":122,"column":6},"end":{"line":122,"column":22}},"65":{"start":{"line":124,"column":6},"end":{"line":126,"column":7}},"66":{"start":{"line":125,"column":8},"end":{"line":125,"column":54}},"67":{"start":{"line":128,"column":6},"end":{"line":128,"column":56}},"68":{"start":{"line":129,"column":6},"end":{"line":129,"column":22}}},"fnMap":{"0":{"name":"(anonymous_0)","decl":{"start":{"line":14,"column":10},"end":{"line":14,"column":11}},"loc":{"start":{"line":14,"column":29},"end":{"line":131,"column":3}},"line":14},"1":{"name":"(anonymous_1)","decl":{"start":{"line":116,"column":35},"end":{"line":116,"column":36}},"loc":{"start":{"line":116,"column":40},"end":{"line":116,"column":63}},"line":116}},"branchMap":{"0":{"loc":{"start":{"line":32,"column":6},"end":{"line":38,"column":7}},"type":"if","locations":[{"start":{"line":32,"column":6},"end":{"line":38,"column":7}},{"start":{"line":36,"column":13},"end":{"line":38,"column":7}}],"line":32},"1":{"loc":{"start":{"line":41,"column":6},"end":{"line":52,"column":7}},"type":"if","locations":[{"start":{"line":41,"column":6},"end":{"line":52,"column":7}},{"start":{},"end":{}}],"line":41},"2":{"loc":{"start":{"line":43,"column":8},"end":{"line":51,"column":9}},"type":"if","locations":[{"start":{"line":43,"column":8},"end":{"line":51,"column":9}},{"start":{"line":49,"column":15},"end":{"line":51,"column":9}}],"line":43},"3":{"loc":{"start":{"line":60,"column":8},"end":{"line":66,"column":9}},"type":"if","locations":[{"start":{"line":60,"column":8},"end":{"line":66,"column":9}},{"start":{"line":64,"column":15},"end":{"line":66,"column":9}}],"line":60},"4":{"loc":{"start":{"line":74,"column":40},"end":{"line":74,"column":69}},"type":"binary-expr","locations":[{"start":{"line":74,"column":40},"end":{"line":74,"column":56}},{"start":{"line":74,"column":60},"end":{"line":74,"column":69}}],"line":74},"5":{"loc":{"start":{"line":75,"column":6},"end":{"line":79,"column":7}},"type":"if","locations":[{"start":{"line":75,"column":6},"end":{"line":79,"column":7}},{"start":{"line":77,"column":13},"end":{"line":79,"column":7}}],"line":75},"6":{"loc":{"start":{"line":85,"column":8},"end":{"line":95,"column":9}},"type":"if","locations":[{"start":{"line":85,"column":8},"end":{"line":95,"column":9}},{"start":{},"end":{}}],"line":85},"7":{"loc":{"start":{"line":87,"column":10},"end":{"line":94,"column":11}},"type":"if","locations":[{"start":{"line":87,"column":10},"end":{"line":94,"column":11}},{"start":{"line":92,"column":17},"end":{"line":94,"column":11}}],"line":87},"8":{"loc":{"start":{"line":105,"column":6},"end":{"line":120,"column":7}},"type":"if","locations":[{"start":{"line":105,"column":6},"end":{"line":120,"column":7}},{"start":{"line":111,"column":13},"end":{"line":120,"column":7}}],"line":105},"9":{"loc":{"start":{"line":111,"column":13},"end":{"line":120,"column":7}},"type":"if","locations":[{"start":{"line":111,"column":13},"end":{"line":120,"column":7}},{"start":{"line":118,"column":13},"end":{"line":120,"column":7}}],"line":111},"10":{"loc":{"start":{"line":113,"column":8},"end":{"line":117,"column":9}},"type":"if","locations":[{"start":{"line":113,"column":8},"end":{"line":117,"column":9}},{"start":{},"end":{}}],"line":113},"11":{"loc":{"start":{"line":124,"column":6},"end":{"line":126,"column":7}},"type":"if","locations":[{"start":{"line":124,"column":6},"end":{"line":126,"column":7}},{"start":{},"end":{}}],"line":124}},"s":{"0":0,"1":0,"2":0,"3":0,"4":0,"5":0,"6":0,"7":0,"8":0,"9":0,"10":0,"11":0,"12":0,"13":0,"14":0,"15":0,"16":0,"17":0,"18":0,"19":0,"20":0,"21":0,"22":0,"23":0,"24":0,"25":0,"26":0,"27":0,"28":0,"29":0,"30":0,"31":0,"32":0,"33":0,"34":0,"35":0,"36":0,"37":0,"38":0,"39":0,"40":0,"41":0,"42":0,"43":0,"44":0,"45":0,"46":0,"47":0,"48":0,"49":0,"50":0,"51":0,"52":0,"53":0,"54":0,"55":0,"56":0,"57":0,"58":0,"59":0,"60":0,"61":0,"62":0,"63":0,"64":0,"65":0,"66":0,"67":0,"68":0},"f":{"0":0,"1":0},"b":{"0":[0,0],"1":[0,0],"2":[0,0],"3":[0,0],"4":[0,0],"5":[0,0],"6":[0,0],"7":[0,0],"8":[0,0],"9":[0,0],"10":[0,0],"11":[0,0]},"inputSourceMap":null}
,"C:\\src\\presentationskill\\cli\\src\\commands\\generate.js": {"path":"C:\\src\\presentationskill\\cli\\src\\commands\\generate.js","statementMap":{"0":{"start":{"line":3,"column":31},"end":{"line":10,"column":4}},"1":{"start":{"line":9,"column":4},"end":{"line":9,"column":72}}},"fnMap":{"0":{"name":"(anonymous_0)","decl":{"start":{"line":8,"column":10},"end":{"line":8,"column":11}},"loc":{"start":{"line":8,"column":36},"end":{"line":10,"column":3}},"line":8}},"branchMap":{},"s":{"0":0,"1":0},"f":{"0":0},"b":{},"inputSourceMap":null}
,"C:\\src\\presentationskill\\cli\\src\\commands\\init.js": {"path":"C:\\src\\presentationskill\\cli\\src\\commands\\init.js","statementMap":{"0":{"start":{"line":8,"column":27},"end":{"line":51,"column":4}},"1":{"start":{"line":14,"column":4},"end":{"line":50,"column":5}},"2":{"start":{"line":15,"column":6},"end":{"line":15,"column":31}},"3":{"start":{"line":20,"column":6},"end":{"line":30,"column":7}},"4":{"start":{"line":21,"column":8},"end":{"line":21,"column":34}},"5":{"start":{"line":22,"column":8},"end":{"line":22,"column":52}},"6":{"start":{"line":23,"column":8},"end":{"line":23,"column":59}},"7":{"start":{"line":25,"column":8},"end":{"line":25,"column":50}},"8":{"start":{"line":26,"column":24},"end":{"line":26,"column":48}},"9":{"start":{"line":27,"column":8},"end":{"line":27,"column":34}},"10":{"start":{"line":28,"column":8},"end":{"line":28,"column":42}},"11":{"start":{"line":29,"column":8},"end":{"line":29,"column":50}},"12":{"start":{"line":32,"column":6},"end":{"line":35,"column":9}},"13":{"start":{"line":37,"column":23},"end":{"line":37,"column":36}},"14":{"start":{"line":38,"column":6},"end":{"line":38,"column":22}},"15":{"start":{"line":39,"column":6},"end":{"line":39,"column":56}},"16":{"start":{"line":40,"column":6},"end":{"line":40,"column":22}},"17":{"start":{"line":41,"column":6},"end":{"line":41,"column":33}},"18":{"start":{"line":42,"column":6},"end":{"line":42,"column":80}},"19":{"start":{"line":43,"column":6},"end":{"line":43,"column":60}},"20":{"start":{"line":44,"column":6},"end":{"line":44,"column":73}},"21":{"start":{"line":45,"column":6},"end":{"line":45,"column":22}},"22":{"start":{"line":46,"column":6},"end":{"line":46,"column":49}},"23":{"start":{"line":47,"column":6},"end":{"line":47,"column":67}},"24":{"start":{"line":49,"column":6},"end":{"line":49,"column":22}}},"fnMap":{"0":{"name":"(anonymous_0)","decl":{"start":{"line":13,"column":10},"end":{"line":13,"column":11}},"loc":{"start":{"line":13,"column":29},"end":{"line":51,"column":3}},"line":13}},"branchMap":{"0":{"loc":{"start":{"line":20,"column":6},"end":{"line":30,"column":7}},"type":"if","locations":[{"start":{"line":20,"column":6},"end":{"line":30,"column":7}},{"start":{"line":24,"column":13},"end":{"line":30,"column":7}}],"line":20}},"s":{"0":0,"1":0,"2":0,"3":0,"4":0,"5":0,"6":0,"7":0,"8":0,"9":0,"10":0,"11":0,"12":0,"13":0,"14":0,"15":0,"16":0,"17":0,"18":0,"19":0,"20":0,"21":0,"22":0,"23":0,"24":0},"f":{"0":0},"b":{"0":[0,0]},"inputSourceMap":null}
,"C:\\src\\presentationskill\\cli\\src\\commands\\serve.js": {"path":"C:\\src\\presentationskill\\cli\\src\\commands\\serve.js","statementMap":{"0":{"start":{"line":3,"column":28},"end":{"line":10,"column":4}},"1":{"start":{"line":9,"column":4},"end":{"line":9,"column":69}}},"fnMap":{"0":{"name":"(anonymous_0)","decl":{"start":{"line":8,"column":10},"end":{"line":8,"column":11}},"loc":{"start":{"line":8,"column":35},"end":{"line":10,"column":3}},"line":8}},"branchMap":{},"s":{"0":0,"1":0},"f":{"0":0},"b":{},"inputSourceMap":null}
,"C:\\src\\presentationskill\\cli\\src\\commands\\update.js": {"path":"C:\\src\\presentationskill\\cli\\src\\commands\\update.js","statementMap":{"0":{"start":{"line":8,"column":29},"end":{"line":60,"column":4}},"1":{"start":{"line":14,"column":4},"end":{"line":59,"column":5}},"2":{"start":{"line":15,"column":21},"end":{"line":15,"column":45}},"3":{"start":{"line":16,"column":23},"end":{"line":16,"column":36}},"4":{"start":{"line":17,"column":29},"end":{"line":17,"column":64}},"5":{"start":{"line":19,"column":6},"end":{"line":23,"column":7}},"6":{"start":{"line":20,"column":8},"end":{"line":20,"column":55}},"7":{"start":{"line":21,"column":8},"end":{"line":21,"column":66}},"8":{"start":{"line":22,"column":8},"end":{"line":22,"column":15}},"9":{"start":{"line":28,"column":6},"end":{"line":45,"column":7}},"10":{"start":{"line":29,"column":8},"end":{"line":29,"column":40}},"11":{"start":{"line":30,"column":8},"end":{"line":30,"column":58}},"12":{"start":{"line":31,"column":8},"end":{"line":31,"column":59}},"13":{"start":{"line":33,"column":8},"end":{"line":33,"column":47}},"14":{"start":{"line":34,"column":24},"end":{"line":34,"column":48}},"15":{"start":{"line":35,"column":8},"end":{"line":35,"column":40}},"16":{"start":{"line":36,"column":8},"end":{"line":36,"column":42}},"17":{"start":{"line":38,"column":27},"end":{"line":38,"column":73}},"18":{"start":{"line":39,"column":8},"end":{"line":42,"column":9}},"19":{"start":{"line":40,"column":10},"end":{"line":40,"column":68}},"20":{"start":{"line":41,"column":10},"end":{"line":41,"column":17}},"21":{"start":{"line":44,"column":8},"end":{"line":44,"column":78}},"22":{"start":{"line":47,"column":6},"end":{"line":47,"column":84}},"23":{"start":{"line":49,"column":6},"end":{"line":53,"column":9}},"24":{"start":{"line":55,"column":6},"end":{"line":55,"column":52}},"25":{"start":{"line":56,"column":6},"end":{"line":56,"column":51}},"26":{"start":{"line":58,"column":6},"end":{"line":58,"column":22}}},"fnMap":{"0":{"name":"(anonymous_0)","decl":{"start":{"line":13,"column":10},"end":{"line":13,"column":11}},"loc":{"start":{"line":13,"column":29},"end":{"line":60,"column":3}},"line":13}},"branchMap":{"0":{"loc":{"start":{"line":19,"column":6},"end":{"line":23,"column":7}},"type":"if","locations":[{"start":{"line":19,"column":6},"end":{"line":23,"column":7}},{"start":{},"end":{}}],"line":19},"1":{"loc":{"start":{"line":28,"column":6},"end":{"line":45,"column":7}},"type":"if","locations":[{"start":{"line":28,"column":6},"end":{"line":45,"column":7}},{"start":{"line":32,"column":13},"end":{"line":45,"column":7}}],"line":28},"2":{"loc":{"start":{"line":39,"column":8},"end":{"line":42,"column":9}},"type":"if","locations":[{"start":{"line":39,"column":8},"end":{"line":42,"column":9}},{"start":{},"end":{}}],"line":39}},"s":{"0":0,"1":0,"2":0,"3":0,"4":0,"5":0,"6":0,"7":0,"8":0,"9":0,"10":0,"11":0,"12":0,"13":0,"14":0,"15":0,"16":0,"17":0,"18":0,"19":0,"20":0,"21":0,"22":0,"23":0,"24":0,"25":0,"26":0},"f":{"0":0},"b":{"0":[0,0],"1":[0,0],"2":[0,0]},"inputSourceMap":null}
,"C:\\src\\presentationskill\\cli\\src\\commands\\version.js": {"path":"C:\\src\\presentationskill\\cli\\src\\commands\\version.js","statementMap":{"0":{"start":{"line":9,"column":18},"end":{"line":9,"column":62}},"1":{"start":{"line":11,"column":30},"end":{"line":63,"column":4}},"2":{"start":{"line":16,"column":4},"end":{"line":62,"column":5}},"3":{"start":{"line":17,"column":29},"end":{"line":17,"column":77}},"4":{"start":{"line":18,"column":25},"end":{"line":18,"column":74}},"5":{"start":{"line":19,"column":25},"end":{"line":19,"column":43}},"6":{"start":{"line":21,"column":23},"end":{"line":21,"column":36}},"7":{"start":{"line":22,"column":25},"end":{"line":22,"column":60}},"8":{"start":{"line":24,"column":6},"end":{"line":26,"column":7}},"9":{"start":{"line":25,"column":8},"end":{"line":25,"column":39}},"10":{"start":{"line":28,"column":6},"end":{"line":28,"column":50}},"11":{"start":{"line":30,"column":6},"end":{"line":58,"column":7}},"12":{"start":{"line":31,"column":8},"end":{"line":31,"column":46}},"13":{"start":{"line":32,"column":8},"end":{"line":32,"column":66}},"14":{"start":{"line":34,"column":8},"end":{"line":34,"column":46}},"15":{"start":{"line":36,"column":8},"end":{"line":57,"column":9}},"16":{"start":{"line":37,"column":10},"end":{"line":56,"column":11}},"17":{"start":{"line":38,"column":58},"end":{"line":40,"column":13}},"18":{"start":{"line":41,"column":27},"end":{"line":41,"column":51}},"19":{"start":{"line":42,"column":24},"end":{"line":42,"column":69}},"20":{"start":{"line":44,"column":12},"end":{"line":53,"column":13}},"21":{"start":{"line":45,"column":14},"end":{"line":47,"column":16}},"22":{"start":{"line":48,"column":14},"end":{"line":50,"column":16}},"23":{"start":{"line":52,"column":14},"end":{"line":52,"column":52}},"24":{"start":{"line":55,"column":12},"end":{"line":55,"column":72}},"25":{"start":{"line":60,"column":6},"end":{"line":60,"column":61}},"26":{"start":{"line":61,"column":6},"end":{"line":61,"column":22}}},"fnMap":{"0":{"name":"(anonymous_0)","decl":{"start":{"line":15,"column":10},"end":{"line":15,"column":11}},"loc":{"start":{"line":15,"column":29},"end":{"line":63,"column":3}},"line":15}},"branchMap":{"0":{"loc":{"start":{"line":24,"column":6},"end":{"line":26,"column":7}},"type":"if","locations":[{"start":{"line":24,"column":6},"end":{"line":26,"column":7}},{"start":{},"end":{}}],"line":24},"1":{"loc":{"start":{"line":30,"column":6},"end":{"line":58,"column":7}},"type":"if","locations":[{"start":{"line":30,"column":6},"end":{"line":58,"column":7}},{"start":{"line":33,"column":13},"end":{"line":58,"column":7}}],"line":30},"2":{"loc":{"start":{"line":36,"column":8},"end":{"line":57,"column":9}},"type":"if","locations":[{"start":{"line":36,"column":8},"end":{"line":57,"column":9}},{"start":{},"end":{}}],"line":36},"3":{"loc":{"start":{"line":44,"column":12},"end":{"line":53,"column":13}},"type":"if","locations":[{"start":{"line":44,"column":12},"end":{"line":53,"column":13}},{"start":{"line":51,"column":19},"end":{"line":53,"column":13}}],"line":44}},"s":{"0":0,"1":0,"2":0,"3":0,"4":0,"5":0,"6":0,"7":0,"8":0,"9":0,"10":0,"11":0,"12":0,"13":0,"14":0,"15":0,"16":0,"17":0,"18":0,"19":0,"20":0,"21":0,"22":0,"23":0,"24":0,"25":0,"26":0},"f":{"0":0},"b":{"0":[0,0],"1":[0,0],"2":[0,0],"3":[0,0]},"inputSourceMap":null}
,"C:\\src\\presentationskill\\cli\\src\\lib\\config.js": {"path":"C:\\src\\presentationskill\\cli\\src\\lib\\config.js","statementMap":{"0":{"start":{"line":6,"column":23},"end":{"line":6,"column":30}},"1":{"start":{"line":9,"column":20},"end":{"line":9,"column":34}},"2":{"start":{"line":10,"column":21},"end":{"line":10,"column":56}},"3":{"start":{"line":12,"column":2},"end":{"line":35,"column":3}},"4":{"start":{"line":13,"column":4},"end":{"line":13,"column":32}},"5":{"start":{"line":14,"column":4},"end":{"line":14,"column":30}},"6":{"start":{"line":16,"column":26},"end":{"line":25,"column":5}},"7":{"start":{"line":27,"column":4},"end":{"line":34,"column":5}},"8":{"start":{"line":28,"column":6},"end":{"line":28,"column":53}},"9":{"start":{"line":29,"column":6},"end":{"line":29,"column":77}},"10":{"start":{"line":30,"column":6},"end":{"line":30,"column":27}},"11":{"start":{"line":32,"column":6},"end":{"line":32,"column":72}},"12":{"start":{"line":33,"column":6},"end":{"line":33,"column":16}},"13":{"start":{"line":39,"column":21},"end":{"line":39,"column":61}},"14":{"start":{"line":41,"column":2},"end":{"line":47,"column":3}},"15":{"start":{"line":42,"column":20},"end":{"line":42,"column":58}},"16":{"start":{"line":43,"column":4},"end":{"line":43,"column":31}},"17":{"start":{"line":45,"column":4},"end":{"line":45,"column":58}},"18":{"start":{"line":46,"column":4},"end":{"line":46,"column":14}},"19":{"start":{"line":51,"column":21},"end":{"line":51,"column":61}},"20":{"start":{"line":53,"column":2},"end":{"line":59,"column":3}},"21":{"start":{"line":54,"column":4},"end":{"line":54,"column":66}},"22":{"start":{"line":55,"column":4},"end":{"line":55,"column":68}},"23":{"start":{"line":57,"column":4},"end":{"line":57,"column":59}},"24":{"start":{"line":58,"column":4},"end":{"line":58,"column":14}},"25":{"start":{"line":63,"column":17},"end":{"line":63,"column":35}},"26":{"start":{"line":65,"column":2},"end":{"line":67,"column":3}},"27":{"start":{"line":66,"column":4},"end":{"line":66,"column":30}},"28":{"start":{"line":69,"column":2},"end":{"line":73,"column":4}},"29":{"start":{"line":75,"column":2},"end":{"line":75,"column":46}},"30":{"start":{"line":77,"column":2},"end":{"line":77,"column":28}},"31":{"start":{"line":81,"column":2},"end":{"line":87,"column":3}},"32":{"start":{"line":82,"column":19},"end":{"line":82,"column":37}},"33":{"start":{"line":83,"column":25},"end":{"line":83,"column":57}},"34":{"start":{"line":84,"column":4},"end":{"line":84,"column":50}},"35":{"start":{"line":86,"column":4},"end":{"line":86,"column":16}}},"fnMap":{"0":{"name":"initializeConfig","decl":{"start":{"line":8,"column":22},"end":{"line":8,"column":38}},"loc":{"start":{"line":8,"column":41},"end":{"line":36,"column":1}},"line":8},"1":{"name":"readConfig","decl":{"start":{"line":38,"column":22},"end":{"line":38,"column":32}},"loc":{"start":{"line":38,"column":35},"end":{"line":48,"column":1}},"line":38},"2":{"name":"writeConfig","decl":{"start":{"line":50,"column":22},"end":{"line":50,"column":33}},"loc":{"start":{"line":50,"column":42},"end":{"line":60,"column":1}},"line":50},"3":{"name":"updateInstallation","decl":{"start":{"line":62,"column":22},"end":{"line":62,"column":40}},"loc":{"start":{"line":62,"column":76},"end":{"line":78,"column":1}},"line":62},"4":{"name":"getInstalledVersion","decl":{"start":{"line":80,"column":22},"end":{"line":80,"column":41}},"loc":{"start":{"line":80,"column":52},"end":{"line":88,"column":1}},"line":80}},"branchMap":{"0":{"loc":{"start":{"line":62,"column":60},"end":{"line":62,"column":74}},"type":"default-arg","locations":[{"start":{"line":62,"column":69},"end":{"line":62,"column":74}}],"line":62},"1":{"loc":{"start":{"line":65,"column":2},"end":{"line":67,"column":3}},"type":"if","locations":[{"start":{"line":65,"column":2},"end":{"line":67,"column":3}},{"start":{},"end":{}}],"line":65},"2":{"loc":{"start":{"line":84,"column":11},"end":{"line":84,"column":49}},"type":"binary-expr","locations":[{"start":{"line":84,"column":11},"end":{"line":84,"column":41}},{"start":{"line":84,"column":45},"end":{"line":84,"column":49}}],"line":84}},"s":{"0":0,"1":0,"2":0,"3":0,"4":0,"5":0,"6":0,"7":0,"8":0,"9":0,"10":0,"11":0,"12":0,"13":0,"14":0,"15":0,"16":0,"17":0,"18":0,"19":0,"20":0,"21":0,"22":0,"23":0,"24":0,"25":0,"26":0,"27":0,"28":0,"29":0,"30":0,"31":0,"32":0,"33":0,"34":0,"35":0},"f":{"0":0,"1":0,"2":0,"3":0,"4":0},"b":{"0":[0],"1":[0,0],"2":[0,0]},"inputSourceMap":null}
,"C:\\src\\presentationskill\\cli\\src\\lib\\github-api.js": {"path":"C:\\src\\presentationskill\\cli\\src\\lib\\github-api.js","statementMap":{"0":{"start":{"line":4,"column":23},"end":{"line":4,"column":83}},"1":{"start":{"line":5,"column":19},"end":{"line":5,"column":28}},"2":{"start":{"line":6,"column":18},"end":{"line":6,"column":32}},"3":{"start":{"line":9,"column":2},"end":{"line":42,"column":5}},"4":{"start":{"line":10,"column":20},"end":{"line":15,"column":5}},"5":{"start":{"line":17,"column":4},"end":{"line":41,"column":27}},"6":{"start":{"line":18,"column":17},"end":{"line":18,"column":19}},"7":{"start":{"line":20,"column":6},"end":{"line":23,"column":7}},"8":{"start":{"line":21,"column":8},"end":{"line":21,"column":50}},"9":{"start":{"line":22,"column":8},"end":{"line":22,"column":15}},"10":{"start":{"line":25,"column":6},"end":{"line":28,"column":7}},"11":{"start":{"line":26,"column":8},"end":{"line":26,"column":74}},"12":{"start":{"line":27,"column":8},"end":{"line":27,"column":15}},"13":{"start":{"line":30,"column":6},"end":{"line":32,"column":9}},"14":{"start":{"line":31,"column":8},"end":{"line":31,"column":22}},"15":{"start":{"line":34,"column":6},"end":{"line":40,"column":9}},"16":{"start":{"line":35,"column":8},"end":{"line":39,"column":9}},"17":{"start":{"line":36,"column":10},"end":{"line":36,"column":36}},"18":{"start":{"line":38,"column":10},"end":{"line":38,"column":65}},"19":{"start":{"line":46,"column":2},"end":{"line":62,"column":3}},"20":{"start":{"line":47,"column":16},"end":{"line":47,"column":42}},"21":{"start":{"line":48,"column":20},"end":{"line":48,"column":42}},"22":{"start":{"line":50,"column":4},"end":{"line":58,"column":6}},"23":{"start":{"line":60,"column":4},"end":{"line":60,"column":53}},"24":{"start":{"line":61,"column":4},"end":{"line":61,"column":99}},"25":{"start":{"line":66,"column":2},"end":{"line":82,"column":3}},"26":{"start":{"line":67,"column":16},"end":{"line":67,"column":47}},"27":{"start":{"line":68,"column":21},"end":{"line":68,"column":43}},"28":{"start":{"line":70,"column":4},"end":{"line":78,"column":10}},"29":{"start":{"line":71,"column":19},"end":{"line":71,"column":32}},"30":{"start":{"line":72,"column":17},"end":{"line":78,"column":7}},"31":{"start":{"line":80,"column":4},"end":{"line":80,"column":53}},"32":{"start":{"line":81,"column":4},"end":{"line":81,"column":93}},"33":{"start":{"line":86,"column":2},"end":{"line":86,"column":108}},"34":{"start":{"line":90,"column":23},"end":{"line":90,"column":67}},"35":{"start":{"line":91,"column":22},"end":{"line":91,"column":65}},"36":{"start":{"line":93,"column":2},"end":{"line":100,"column":3}},"37":{"start":{"line":93,"column":15},"end":{"line":93,"column":16}},"38":{"start":{"line":94,"column":4},"end":{"line":96,"column":5}},"39":{"start":{"line":95,"column":6},"end":{"line":95,"column":16}},"40":{"start":{"line":97,"column":4},"end":{"line":99,"column":5}},"41":{"start":{"line":98,"column":6},"end":{"line":98,"column":15}},"42":{"start":{"line":102,"column":2},"end":{"line":102,"column":11}}},"fnMap":{"0":{"name":"makeRequest","decl":{"start":{"line":8,"column":9},"end":{"line":8,"column":20}},"loc":{"start":{"line":8,"column":26},"end":{"line":43,"column":1}},"line":8},"1":{"name":"(anonymous_1)","decl":{"start":{"line":9,"column":21},"end":{"line":9,"column":22}},"loc":{"start":{"line":9,"column":42},"end":{"line":42,"column":3}},"line":9},"2":{"name":"(anonymous_2)","decl":{"start":{"line":17,"column":28},"end":{"line":17,"column":29}},"loc":{"start":{"line":17,"column":37},"end":{"line":41,"column":5}},"line":17},"3":{"name":"(anonymous_3)","decl":{"start":{"line":30,"column":21},"end":{"line":30,"column":22}},"loc":{"start":{"line":30,"column":30},"end":{"line":32,"column":7}},"line":30},"4":{"name":"(anonymous_4)","decl":{"start":{"line":34,"column":20},"end":{"line":34,"column":21}},"loc":{"start":{"line":34,"column":26},"end":{"line":40,"column":7}},"line":34},"5":{"name":"getLatestRelease","decl":{"start":{"line":45,"column":22},"end":{"line":45,"column":38}},"loc":{"start":{"line":45,"column":41},"end":{"line":63,"column":1}},"line":45},"6":{"name":"getAllReleases","decl":{"start":{"line":65,"column":22},"end":{"line":65,"column":36}},"loc":{"start":{"line":65,"column":39},"end":{"line":83,"column":1}},"line":65},"7":{"name":"(anonymous_7)","decl":{"start":{"line":71,"column":14},"end":{"line":71,"column":15}},"loc":{"start":{"line":71,"column":19},"end":{"line":71,"column":32}},"line":71},"8":{"name":"(anonymous_8)","decl":{"start":{"line":72,"column":11},"end":{"line":72,"column":12}},"loc":{"start":{"line":72,"column":17},"end":{"line":78,"column":7}},"line":72},"9":{"name":"getDownloadUrl","decl":{"start":{"line":85,"column":16},"end":{"line":85,"column":30}},"loc":{"start":{"line":85,"column":36},"end":{"line":87,"column":1}},"line":85},"10":{"name":"compareVersions","decl":{"start":{"line":89,"column":16},"end":{"line":89,"column":31}},"loc":{"start":{"line":89,"column":49},"end":{"line":103,"column":1}},"line":89}},"branchMap":{"0":{"loc":{"start":{"line":20,"column":6},"end":{"line":23,"column":7}},"type":"if","locations":[{"start":{"line":20,"column":6},"end":{"line":23,"column":7}},{"start":{},"end":{}}],"line":20},"1":{"loc":{"start":{"line":25,"column":6},"end":{"line":28,"column":7}},"type":"if","locations":[{"start":{"line":25,"column":6},"end":{"line":28,"column":7}},{"start":{},"end":{}}],"line":25},"2":{"loc":{"start":{"line":51,"column":11},"end":{"line":51,"column":40}},"type":"binary-expr","locations":[{"start":{"line":51,"column":11},"end":{"line":51,"column":27}},{"start":{"line":51,"column":31},"end":{"line":51,"column":40}}],"line":51},"3":{"loc":{"start":{"line":52,"column":15},"end":{"line":52,"column":63}},"type":"binary-expr","locations":[{"start":{"line":52,"column":15},"end":{"line":52,"column":50}},{"start":{"line":52,"column":54},"end":{"line":52,"column":63}}],"line":52},"4":{"loc":{"start":{"line":53,"column":12},"end":{"line":53,"column":37}},"type":"binary-expr","locations":[{"start":{"line":53,"column":12},"end":{"line":53,"column":24}},{"start":{"line":53,"column":28},"end":{"line":53,"column":37}}],"line":53},"5":{"loc":{"start":{"line":54,"column":18},"end":{"line":54,"column":45}},"type":"binary-expr","locations":[{"start":{"line":54,"column":18},"end":{"line":54,"column":36}},{"start":{"line":54,"column":40},"end":{"line":54,"column":45}}],"line":54},"6":{"loc":{"start":{"line":90,"column":23},"end":{"line":90,"column":67}},"type":"binary-expr","locations":[{"start":{"line":90,"column":23},"end":{"line":90,"column":54}},{"start":{"line":90,"column":58},"end":{"line":90,"column":67}}],"line":90},"7":{"loc":{"start":{"line":91,"column":22},"end":{"line":91,"column":65}},"type":"binary-expr","locations":[{"start":{"line":91,"column":22},"end":{"line":91,"column":52}},{"start":{"line":91,"column":56},"end":{"line":91,"column":65}}],"line":91},"8":{"loc":{"start":{"line":94,"column":4},"end":{"line":96,"column":5}},"type":"if","locations":[{"start":{"line":94,"column":4},"end":{"line":96,"column":5}},{"start":{},"end":{}}],"line":94},"9":{"loc":{"start":{"line":94,"column":9},"end":{"line":94,"column":28}},"type":"binary-expr","locations":[{"start":{"line":94,"column":9},"end":{"line":94,"column":23}},{"start":{"line":94,"column":27},"end":{"line":94,"column":28}}],"line":94},"10":{"loc":{"start":{"line":94,"column":33},"end":{"line":94,"column":53}},"type":"binary-expr","locations":[{"start":{"line":94,"column":33},"end":{"line":94,"column":48}},{"start":{"line":94,"column":52},"end":{"line":94,"column":53}}],"line":94},"11":{"loc":{"start":{"line":97,"column":4},"end":{"line":99,"column":5}},"type":"if","locations":[{"start":{"line":97,"column":4},"end":{"line":99,"column":5}},{"start":{},"end":{}}],"line":97},"12":{"loc":{"start":{"line":97,"column":9},"end":{"line":97,"column":28}},"type":"binary-expr","locations":[{"start":{"line":97,"column":9},"end":{"line":97,"column":23}},{"start":{"line":97,"column":27},"end":{"line":97,"column":28}}],"line":97},"13":{"loc":{"start":{"line":97,"column":33},"end":{"line":97,"column":53}},"type":"binary-expr","locations":[{"start":{"line":97,"column":33},"end":{"line":97,"column":48}},{"start":{"line":97,"column":52},"end":{"line":97,"column":53}}],"line":97}},"s":{"0":0,"1":0,"2":0,"3":0,"4":0,"5":0,"6":0,"7":0,"8":0,"9":0,"10":0,"11":0,"12":0,"13":0,"14":0,"15":0,"16":0,"17":0,"18":0,"19":0,"20":0,"21":0,"22":0,"23":0,"24":0,"25":0,"26":0,"27":0,"28":0,"29":0,"30":0,"31":0,"32":0,"33":0,"34":0,"35":0,"36":0,"37":0,"38":0,"39":0,"40":0,"41":0,"42":0},"f":{"0":0,"1":0,"2":0,"3":0,"4":0,"5":0,"6":0,"7":0,"8":0,"9":0,"10":0},"b":{"0":[0,0],"1":[0,0],"2":[0,0],"3":[0,0],"4":[0,0],"5":[0,0],"6":[0,0],"7":[0,0],"8":[0,0],"9":[0,0],"10":[0,0],"11":[0,0],"12":[0,0],"13":[0,0]},"inputSourceMap":null}
,"C:\\src\\presentationskill\\cli\\src\\lib\\installer.js": {"path":"C:\\src\\presentationskill\\cli\\src\\lib\\installer.js","statementMap":{"0":{"start":{"line":15,"column":2},"end":{"line":34,"column":5}},"1":{"start":{"line":16,"column":17},"end":{"line":16,"column":44}},"2":{"start":{"line":18,"column":4},"end":{"line":33,"column":7}},"3":{"start":{"line":19,"column":6},"end":{"line":22,"column":7}},"4":{"start":{"line":20,"column":8},"end":{"line":20,"column":72}},"5":{"start":{"line":21,"column":8},"end":{"line":21,"column":15}},"6":{"start":{"line":24,"column":6},"end":{"line":24,"column":21}},"7":{"start":{"line":26,"column":6},"end":{"line":29,"column":9}},"8":{"start":{"line":27,"column":8},"end":{"line":27,"column":21}},"9":{"start":{"line":28,"column":8},"end":{"line":28,"column":18}},"10":{"start":{"line":31,"column":6},"end":{"line":31,"column":19}},"11":{"start":{"line":32,"column":6},"end":{"line":32,"column":18}},"12":{"start":{"line":38,"column":2},"end":{"line":45,"column":5}},"13":{"start":{"line":39,"column":19},"end":{"line":41,"column":38}},"14":{"start":{"line":43,"column":4},"end":{"line":43,"column":33}},"15":{"start":{"line":44,"column":4},"end":{"line":44,"column":31}},"16":{"start":{"line":49,"column":20},"end":{"line":49,"column":55}},"17":{"start":{"line":51,"column":2},"end":{"line":64,"column":3}},"18":{"start":{"line":52,"column":4},"end":{"line":54,"column":5}},"19":{"start":{"line":53,"column":6},"end":{"line":53,"column":18}},"20":{"start":{"line":56,"column":4},"end":{"line":56,"column":65}},"21":{"start":{"line":57,"column":4},"end":{"line":57,"column":59}},"22":{"start":{"line":59,"column":4},"end":{"line":59,"column":51}},"23":{"start":{"line":60,"column":4},"end":{"line":60,"column":21}},"24":{"start":{"line":62,"column":4},"end":{"line":62,"column":59}},"25":{"start":{"line":63,"column":4},"end":{"line":63,"column":16}},"26":{"start":{"line":68,"column":2},"end":{"line":78,"column":3}},"27":{"start":{"line":69,"column":4},"end":{"line":71,"column":5}},"28":{"start":{"line":70,"column":6},"end":{"line":70,"column":63}},"29":{"start":{"line":73,"column":4},"end":{"line":73,"column":59}},"30":{"start":{"line":74,"column":4},"end":{"line":74,"column":57}},"31":{"start":{"line":76,"column":4},"end":{"line":76,"column":61}},"32":{"start":{"line":77,"column":4},"end":{"line":77,"column":14}},"33":{"start":{"line":82,"column":2},"end":{"line":87,"column":3}},"34":{"start":{"line":83,"column":17},"end":{"line":83,"column":35}},"35":{"start":{"line":84,"column":4},"end":{"line":84,"column":30}},"36":{"start":{"line":86,"column":4},"end":{"line":86,"column":17}},"37":{"start":{"line":91,"column":41},"end":{"line":91,"column":48}},"38":{"start":{"line":92,"column":19},"end":{"line":92,"column":32}},"39":{"start":{"line":94,"column":2},"end":{"line":152,"column":3}},"40":{"start":{"line":95,"column":4},"end":{"line":95,"column":54}},"41":{"start":{"line":97,"column":19},"end":{"line":97,"column":50}},"42":{"start":{"line":98,"column":4},"end":{"line":102,"column":5}},"43":{"start":{"line":99,"column":6},"end":{"line":101,"column":8}},"44":{"start":{"line":104,"column":22},"end":{"line":104,"column":66}},"45":{"start":{"line":106,"column":20},"end":{"line":106,"column":69}},"46":{"start":{"line":107,"column":24},"end":{"line":107,"column":58}},"47":{"start":{"line":109,"column":4},"end":{"line":148,"column":5}},"48":{"start":{"line":110,"column":6},"end":{"line":110,"column":51}},"49":{"start":{"line":112,"column":6},"end":{"line":112,"column":42}},"50":{"start":{"line":113,"column":6},"end":{"line":113,"column":51}},"51":{"start":{"line":115,"column":6},"end":{"line":115,"column":41}},"52":{"start":{"line":116,"column":25},"end":{"line":116,"column":54}},"53":{"start":{"line":117,"column":6},"end":{"line":117,"column":54}},"54":{"start":{"line":118,"column":6},"end":{"line":118,"column":50}},"55":{"start":{"line":120,"column":6},"end":{"line":120,"column":48}},"56":{"start":{"line":121,"column":25},"end":{"line":121,"column":65}},"57":{"start":{"line":123,"column":6},"end":{"line":127,"column":7}},"58":{"start":{"line":124,"column":8},"end":{"line":126,"column":10}},"59":{"start":{"line":129,"column":6},"end":{"line":131,"column":7}},"60":{"start":{"line":130,"column":8},"end":{"line":130,"column":64}},"61":{"start":{"line":133,"column":6},"end":{"line":133,"column":66}},"62":{"start":{"line":134,"column":6},"end":{"line":134,"column":61}},"63":{"start":{"line":136,"column":6},"end":{"line":136,"column":50}},"64":{"start":{"line":138,"column":6},"end":{"line":138,"column":67}},"65":{"start":{"line":139,"column":6},"end":{"line":139,"column":41}},"66":{"start":{"line":141,"column":6},"end":{"line":144,"column":7}},"67":{"start":{"line":142,"column":8},"end":{"line":142,"column":69}},"68":{"start":{"line":143,"column":8},"end":{"line":143,"column":49}},"69":{"start":{"line":145,"column":6},"end":{"line":145,"column":16}},"70":{"start":{"line":147,"column":6},"end":{"line":147,"column":77}},"71":{"start":{"line":150,"column":4},"end":{"line":150,"column":30}},"72":{"start":{"line":151,"column":4},"end":{"line":151,"column":14}}},"fnMap":{"0":{"name":"downloadFile","decl":{"start":{"line":14,"column":22},"end":{"line":14,"column":34}},"loc":{"start":{"line":14,"column":50},"end":{"line":35,"column":1}},"line":14},"1":{"name":"(anonymous_1)","decl":{"start":{"line":15,"column":21},"end":{"line":15,"column":22}},"loc":{"start":{"line":15,"column":42},"end":{"line":34,"column":3}},"line":15},"2":{"name":"(anonymous_2)","decl":{"start":{"line":18,"column":19},"end":{"line":18,"column":20}},"loc":{"start":{"line":18,"column":28},"end":{"line":30,"column":5}},"line":18},"3":{"name":"(anonymous_3)","decl":{"start":{"line":26,"column":24},"end":{"line":26,"column":25}},"loc":{"start":{"line":26,"column":30},"end":{"line":29,"column":7}},"line":26},"4":{"name":"(anonymous_4)","decl":{"start":{"line":30,"column":19},"end":{"line":30,"column":20}},"loc":{"start":{"line":30,"column":28},"end":{"line":33,"column":5}},"line":30},"5":{"name":"extractTarGz","decl":{"start":{"line":37,"column":22},"end":{"line":37,"column":34}},"loc":{"start":{"line":37,"column":53},"end":{"line":46,"column":1}},"line":37},"6":{"name":"(anonymous_6)","decl":{"start":{"line":38,"column":21},"end":{"line":38,"column":22}},"loc":{"start":{"line":38,"column":42},"end":{"line":45,"column":3}},"line":38},"7":{"name":"createBackup","decl":{"start":{"line":48,"column":22},"end":{"line":48,"column":34}},"loc":{"start":{"line":48,"column":46},"end":{"line":65,"column":1}},"line":48},"8":{"name":"restoreBackup","decl":{"start":{"line":67,"column":22},"end":{"line":67,"column":35}},"loc":{"start":{"line":67,"column":58},"end":{"line":79,"column":1}},"line":67},"9":{"name":"directoryExists","decl":{"start":{"line":81,"column":22},"end":{"line":81,"column":37}},"loc":{"start":{"line":81,"column":43},"end":{"line":88,"column":1}},"line":81},"10":{"name":"installSkill","decl":{"start":{"line":90,"column":22},"end":{"line":90,"column":34}},"loc":{"start":{"line":90,"column":58},"end":{"line":153,"column":1}},"line":90},"11":{"name":"(anonymous_11)","decl":{"start":{"line":147,"column":67},"end":{"line":147,"column":68}},"loc":{"start":{"line":147,"column":73},"end":{"line":147,"column":75}},"line":147}},"branchMap":{"0":{"loc":{"start":{"line":19,"column":6},"end":{"line":22,"column":7}},"type":"if","locations":[{"start":{"line":19,"column":6},"end":{"line":22,"column":7}},{"start":{},"end":{}}],"line":19},"1":{"loc":{"start":{"line":52,"column":4},"end":{"line":54,"column":5}},"type":"if","locations":[{"start":{"line":52,"column":4},"end":{"line":54,"column":5}},{"start":{},"end":{}}],"line":52},"2":{"loc":{"start":{"line":69,"column":4},"end":{"line":71,"column":5}},"type":"if","locations":[{"start":{"line":69,"column":4},"end":{"line":71,"column":5}},{"start":{},"end":{}}],"line":69},"3":{"loc":{"start":{"line":90,"column":44},"end":{"line":90,"column":56}},"type":"default-arg","locations":[{"start":{"line":90,"column":54},"end":{"line":90,"column":56}}],"line":90},"4":{"loc":{"start":{"line":91,"column":10},"end":{"line":91,"column":23}},"type":"default-arg","locations":[{"start":{"line":91,"column":18},"end":{"line":91,"column":23}}],"line":91},"5":{"loc":{"start":{"line":98,"column":4},"end":{"line":102,"column":5}},"type":"if","locations":[{"start":{"line":98,"column":4},"end":{"line":102,"column":5}},{"start":{},"end":{}}],"line":98},"6":{"loc":{"start":{"line":98,"column":8},"end":{"line":98,"column":24}},"type":"binary-expr","locations":[{"start":{"line":98,"column":8},"end":{"line":98,"column":14}},{"start":{"line":98,"column":18},"end":{"line":98,"column":24}}],"line":98},"7":{"loc":{"start":{"line":104,"column":22},"end":{"line":104,"column":66}},"type":"cond-expr","locations":[{"start":{"line":104,"column":31},"end":{"line":104,"column":59}},{"start":{"line":104,"column":62},"end":{"line":104,"column":66}}],"line":104},"8":{"loc":{"start":{"line":123,"column":6},"end":{"line":127,"column":7}},"type":"if","locations":[{"start":{"line":123,"column":6},"end":{"line":127,"column":7}},{"start":{},"end":{}}],"line":123},"9":{"loc":{"start":{"line":129,"column":6},"end":{"line":131,"column":7}},"type":"if","locations":[{"start":{"line":129,"column":6},"end":{"line":131,"column":7}},{"start":{},"end":{}}],"line":129},"10":{"loc":{"start":{"line":141,"column":6},"end":{"line":144,"column":7}},"type":"if","locations":[{"start":{"line":141,"column":6},"end":{"line":144,"column":7}},{"start":{},"end":{}}],"line":141}},"s":{"0":0,"1":0,"2":0,"3":0,"4":0,"5":0,"6":0,"7":0,"8":0,"9":0,"10":0,"11":0,"12":0,"13":0,"14":0,"15":0,"16":0,"17":0,"18":0,"19":0,"20":0,"21":0,"22":0,"23":0,"24":0,"25":0,"26":0,"27":0,"28":0,"29":0,"30":0,"31":0,"32":0,"33":0,"34":0,"35":0,"36":0,"37":0,"38":0,"39":0,"40":0,"41":0,"42":0,"43":0,"44":0,"45":0,"46":0,"47":0,"48":0,"49":0,"50":0,"51":0,"52":0,"53":0,"54":0,"55":0,"56":0,"57":0,"58":0,"59":0,"60":0,"61":0,"62":0,"63":0,"64":0,"65":0,"66":0,"67":0,"68":0,"69":0,"70":0,"71":0,"72":0},"f":{"0":0,"1":0,"2":0,"3":0,"4":0,"5":0,"6":0,"7":0,"8":0,"9":0,"10":0,"11":0},"b":{"0":[0,0],"1":[0,0],"2":[0,0],"3":[0],"4":[0],"5":[0,0],"6":[0,0],"7":[0,0],"8":[0,0],"9":[0,0],"10":[0,0]},"inputSourceMap":null}
,"C:\\src\\presentationskill\\cli\\src\\lib\\logger.js": {"path":"C:\\src\\presentationskill\\cli\\src\\lib\\logger.js","statementMap":{"0":{"start":{"line":5,"column":4},"end":{"line":5,"column":40}},"1":{"start":{"line":6,"column":4},"end":{"line":6,"column":44}},"2":{"start":{"line":7,"column":4},"end":{"line":7,"column":40}},"3":{"start":{"line":11,"column":4},"end":{"line":11,"column":45}},"4":{"start":{"line":15,"column":4},"end":{"line":17,"column":5}},"5":{"start":{"line":16,"column":6},"end":{"line":16,"column":50}},"6":{"start":{"line":21,"column":4},"end":{"line":23,"column":5}},"7":{"start":{"line":22,"column":6},"end":{"line":22,"column":46}},"8":{"start":{"line":27,"column":4},"end":{"line":29,"column":5}},"9":{"start":{"line":28,"column":6},"end":{"line":28,"column":47}},"10":{"start":{"line":33,"column":4},"end":{"line":35,"column":5}},"11":{"start":{"line":34,"column":6},"end":{"line":34,"column":52}},"12":{"start":{"line":39,"column":4},"end":{"line":41,"column":5}},"13":{"start":{"line":40,"column":6},"end":{"line":40,"column":24}},"14":{"start":{"line":45,"column":22},"end":{"line":45,"column":34}}},"fnMap":{"0":{"name":"(anonymous_0)","decl":{"start":{"line":4,"column":2},"end":{"line":4,"column":3}},"loc":{"start":{"line":4,"column":28},"end":{"line":8,"column":3}},"line":4},"1":{"name":"(anonymous_1)","decl":{"start":{"line":10,"column":2},"end":{"line":10,"column":3}},"loc":{"start":{"line":10,"column":17},"end":{"line":12,"column":3}},"line":10},"2":{"name":"(anonymous_2)","decl":{"start":{"line":14,"column":2},"end":{"line":14,"column":3}},"loc":{"start":{"line":14,"column":16},"end":{"line":18,"column":3}},"line":14},"3":{"name":"(anonymous_3)","decl":{"start":{"line":20,"column":2},"end":{"line":20,"column":3}},"loc":{"start":{"line":20,"column":16},"end":{"line":24,"column":3}},"line":20},"4":{"name":"(anonymous_4)","decl":{"start":{"line":26,"column":2},"end":{"line":26,"column":3}},"loc":{"start":{"line":26,"column":19},"end":{"line":30,"column":3}},"line":26},"5":{"name":"(anonymous_5)","decl":{"start":{"line":32,"column":2},"end":{"line":32,"column":3}},"loc":{"start":{"line":32,"column":17},"end":{"line":36,"column":3}},"line":32},"6":{"name":"(anonymous_6)","decl":{"start":{"line":38,"column":2},"end":{"line":38,"column":3}},"loc":{"start":{"line":38,"column":14},"end":{"line":42,"column":3}},"line":38}},"branchMap":{"0":{"loc":{"start":{"line":4,"column":14},"end":{"line":4,"column":26}},"type":"default-arg","locations":[{"start":{"line":4,"column":24},"end":{"line":4,"column":26}}],"line":4},"1":{"loc":{"start":{"line":5,"column":17},"end":{"line":5,"column":39}},"type":"binary-expr","locations":[{"start":{"line":5,"column":17},"end":{"line":5,"column":30}},{"start":{"line":5,"column":34},"end":{"line":5,"column":39}}],"line":5},"2":{"loc":{"start":{"line":6,"column":19},"end":{"line":6,"column":43}},"type":"binary-expr","locations":[{"start":{"line":6,"column":19},"end":{"line":6,"column":34}},{"start":{"line":6,"column":38},"end":{"line":6,"column":43}}],"line":6},"3":{"loc":{"start":{"line":7,"column":17},"end":{"line":7,"column":39}},"type":"binary-expr","locations":[{"start":{"line":7,"column":17},"end":{"line":7,"column":30}},{"start":{"line":7,"column":34},"end":{"line":7,"column":39}}],"line":7},"4":{"loc":{"start":{"line":15,"column":4},"end":{"line":17,"column":5}},"type":"if","locations":[{"start":{"line":15,"column":4},"end":{"line":17,"column":5}},{"start":{},"end":{}}],"line":15},"5":{"loc":{"start":{"line":21,"column":4},"end":{"line":23,"column":5}},"type":"if","locations":[{"start":{"line":21,"column":4},"end":{"line":23,"column":5}},{"start":{},"end":{}}],"line":21},"6":{"loc":{"start":{"line":27,"column":4},"end":{"line":29,"column":5}},"type":"if","locations":[{"start":{"line":27,"column":4},"end":{"line":29,"column":5}},{"start":{},"end":{}}],"line":27},"7":{"loc":{"start":{"line":33,"column":4},"end":{"line":35,"column":5}},"type":"if","locations":[{"start":{"line":33,"column":4},"end":{"line":35,"column":5}},{"start":{},"end":{}}],"line":33},"8":{"loc":{"start":{"line":33,"column":8},"end":{"line":33,"column":34}},"type":"binary-expr","locations":[{"start":{"line":33,"column":8},"end":{"line":33,"column":18}},{"start":{"line":33,"column":22},"end":{"line":33,"column":34}}],"line":33},"9":{"loc":{"start":{"line":39,"column":4},"end":{"line":41,"column":5}},"type":"if","locations":[{"start":{"line":39,"column":4},"end":{"line":41,"column":5}},{"start":{},"end":{}}],"line":39}},"s":{"0":0,"1":0,"2":0,"3":0,"4":0,"5":0,"6":0,"7":0,"8":0,"9":0,"10":0,"11":0,"12":0,"13":0,"14":0},"f":{"0":0,"1":0,"2":0,"3":0,"4":0,"5":0,"6":0},"b":{"0":[0],"1":[0,0],"2":[0,0],"3":[0,0],"4":[0,0],"5":[0,0],"6":[0,0],"7":[0,0],"8":[0,0],"9":[0,0]},"inputSourceMap":null}
,"C:\\src\\presentationskill\\cli\\src\\lib\\paths.js": {"path":"C:\\src\\presentationskill\\cli\\src\\lib\\paths.js","statementMap":{"0":{"start":{"line":5,"column":18},"end":{"line":5,"column":62}},"1":{"start":{"line":8,"column":2},"end":{"line":8,"column":47}},"2":{"start":{"line":12,"column":2},"end":{"line":12,"column":50}},"3":{"start":{"line":16,"column":2},"end":{"line":16,"column":73}},"4":{"start":{"line":20,"column":2},"end":{"line":20,"column":42}},"5":{"start":{"line":24,"column":2},"end":{"line":24,"column":49}}},"fnMap":{"0":{"name":"getConfigDir","decl":{"start":{"line":7,"column":16},"end":{"line":7,"column":28}},"loc":{"start":{"line":7,"column":31},"end":{"line":9,"column":1}},"line":7},"1":{"name":"getConfigPath","decl":{"start":{"line":11,"column":16},"end":{"line":11,"column":29}},"loc":{"start":{"line":11,"column":32},"end":{"line":13,"column":1}},"line":11},"2":{"name":"getSkillDir","decl":{"start":{"line":15,"column":16},"end":{"line":15,"column":27}},"loc":{"start":{"line":15,"column":54},"end":{"line":17,"column":1}},"line":15},"3":{"name":"getCLIRoot","decl":{"start":{"line":19,"column":16},"end":{"line":19,"column":26}},"loc":{"start":{"line":19,"column":29},"end":{"line":21,"column":1}},"line":19},"4":{"name":"getPackageJsonPath","decl":{"start":{"line":23,"column":16},"end":{"line":23,"column":34}},"loc":{"start":{"line":23,"column":37},"end":{"line":25,"column":1}},"line":23}},"branchMap":{"0":{"loc":{"start":{"line":15,"column":28},"end":{"line":15,"column":52}},"type":"default-arg","locations":[{"start":{"line":15,"column":39},"end":{"line":15,"column":52}}],"line":15}},"s":{"0":0,"1":0,"2":0,"3":0,"4":0,"5":0},"f":{"0":0,"1":0,"2":0,"3":0,"4":0},"b":{"0":[0]},"inputSourceMap":null}
,"C:\\src\\presentationskill\\cli\\src\\lib\\validator.js": {"path":"C:\\src\\presentationskill\\cli\\src\\lib\\validator.js","statementMap":{"0":{"start":{"line":5,"column":23},"end":{"line":9,"column":1}},"1":{"start":{"line":11,"column":22},"end":{"line":13,"column":1}},"2":{"start":{"line":16,"column":18},"end":{"line":21,"column":3}},"3":{"start":{"line":23,"column":2},"end":{"line":29,"column":3}},"4":{"start":{"line":24,"column":4},"end":{"line":24,"column":30}},"5":{"start":{"line":25,"column":4},"end":{"line":25,"column":26}},"6":{"start":{"line":27,"column":4},"end":{"line":27,"column":73}},"7":{"start":{"line":28,"column":4},"end":{"line":28,"column":19}},"8":{"start":{"line":31,"column":2},"end":{"line":39,"column":3}},"9":{"start":{"line":32,"column":21},"end":{"line":32,"column":46}},"10":{"start":{"line":33,"column":4},"end":{"line":38,"column":5}},"11":{"start":{"line":34,"column":6},"end":{"line":34,"column":32}},"12":{"start":{"line":35,"column":6},"end":{"line":35,"column":38}},"13":{"start":{"line":37,"column":6},"end":{"line":37,"column":38}},"14":{"start":{"line":41,"column":2},"end":{"line":53,"column":3}},"15":{"start":{"line":42,"column":20},"end":{"line":42,"column":44}},"16":{"start":{"line":43,"column":4},"end":{"line":52,"column":5}},"17":{"start":{"line":44,"column":19},"end":{"line":44,"column":41}},"18":{"start":{"line":45,"column":6},"end":{"line":49,"column":7}},"19":{"start":{"line":46,"column":8},"end":{"line":46,"column":39}},"20":{"start":{"line":48,"column":8},"end":{"line":48,"column":39}},"21":{"start":{"line":51,"column":6},"end":{"line":51,"column":37}},"22":{"start":{"line":55,"column":2},"end":{"line":59,"column":3}},"23":{"start":{"line":56,"column":4},"end":{"line":58,"column":6}},"24":{"start":{"line":61,"column":2},"end":{"line":61,"column":17}},"25":{"start":{"line":65,"column":2},"end":{"line":74,"column":3}},"26":{"start":{"line":66,"column":20},"end":{"line":66,"column":58}},"27":{"start":{"line":67,"column":4},"end":{"line":67,"column":24}},"28":{"start":{"line":68,"column":4},"end":{"line":68,"column":40}},"29":{"start":{"line":70,"column":4},"end":{"line":73,"column":6}},"30":{"start":{"line":78,"column":2},"end":{"line":83,"column":3}},"31":{"start":{"line":79,"column":4},"end":{"line":79,"column":49}},"32":{"start":{"line":80,"column":4},"end":{"line":80,"column":16}},"33":{"start":{"line":82,"column":4},"end":{"line":82,"column":17}}},"fnMap":{"0":{"name":"validateSkillDirectory","decl":{"start":{"line":15,"column":22},"end":{"line":15,"column":44}},"loc":{"start":{"line":15,"column":55},"end":{"line":62,"column":1}},"line":15},"1":{"name":"validateConfigFile","decl":{"start":{"line":64,"column":22},"end":{"line":64,"column":40}},"loc":{"start":{"line":64,"column":53},"end":{"line":75,"column":1}},"line":64},"2":{"name":"canReadFile","decl":{"start":{"line":77,"column":22},"end":{"line":77,"column":33}},"loc":{"start":{"line":77,"column":44},"end":{"line":84,"column":1}},"line":77}},"branchMap":{"0":{"loc":{"start":{"line":45,"column":6},"end":{"line":49,"column":7}},"type":"if","locations":[{"start":{"line":45,"column":6},"end":{"line":49,"column":7}},{"start":{"line":47,"column":13},"end":{"line":49,"column":7}}],"line":45},"1":{"loc":{"start":{"line":55,"column":2},"end":{"line":59,"column":3}},"type":"if","locations":[{"start":{"line":55,"column":2},"end":{"line":59,"column":3}},{"start":{},"end":{}}],"line":55}},"s":{"0":0,"1":0,"2":0,"3":0,"4":0,"5":0,"6":0,"7":0,"8":0,"9":0,"10":0,"11":0,"12":0,"13":0,"14":0,"15":0,"16":0,"17":0,"18":0,"19":0,"20":0,"21":0,"22":0,"23":0,"24":0,"25":0,"26":0,"27":0,"28":0,"29":0,"30":0,"31":0,"32":0,"33":0},"f":{"0":0,"1":0,"2":0},"b":{"0":[0,0],"1":[0,0]},"inputSourceMap":null}
}
